  : 1
  : 2
  : 3
  : 4
  : 5
  : 6
  : 7
  : 8
  : 9
  : 0

  : [4D:q ` ~    ]
  : [4D:w |      ]
  : [4D:e#[MC:ə]%$    ]
  : [4D:r \      ]
  : [4D:t [MC:þ]      ]
  : [4D:y [MC:[REDO]]    [MC:[RB]][MC:[LB]]]
  : [XK:u[MC:́][MC:̀][MC:̈][MC:̣]]
  : [4D:i      )(]
  : [4D:o   *[MC:ω][MC:œ]  ]
  : [4D:p      }{]

  : [4D:a [MC:[ALL]] [MC:æ]    ]
  : [4D:s [MC:ʃ]      ]
  : [4D:d [MC:ð] [MC:Devin]    ]
  : [4D:f ^    &@]
1 : [4D:g[MC:[LEFT]][MC:[UP]][MC:[RIGHT]][MC:[DOWN]]    ]
  : [4D:h [MC:‽]    ?!]
  : [4D:j-=+    ]
  : [4D:k ; :    ]
  : [4D:l ' "    ]

  : [MC:[TAB]]
  : [4D:z [MC:[UNDO]] [MC:ʒ]    ]
  : [4D:x [MC:[CUT]]    ><]
  : [4D:c [MC:[COPY]]      ]
  : [4D:v [MC:[PASTE]]      ]
  : [4D:b / [MC:Basaraba]    ]
  : [4D:n [MC:ŋ]      ]
  : [4D:m ,    .[MC:…]]
1 : [MC:[DEL]]

1 : [MC:[SHIFT]]
5 : [MC:[SPACE]]
1 : [MC:[ENTER]]

