  : [4D:x [MC:́]      ]
  : a
  : [4D:e [MC:ẹ] [MC:ə]    ]
  : i
  : [4D:o [MC:ω]      ]
  : u
  : y

  : [4D:[MC:tʃ] [MC:dʒ]      ]
  : [4D:f v      ]
  : h
  : [4D:k g      ]
  : l
  : m
  : n

  : [MC:ŋ]
  : [4D:p b      ]
  : r
  : [4D:s z      ]
  : [4D:[MC:ʃ] [MC:ʒ]      ]
  : [4D:t d      ]
  : [4D:[MC:þ] [MC:ð]      ]

1 : [4D:[MC:[TAB]][MC:[LEFT]][MC:[UP]][MC:[RIGHT]][MC:[DOWN]]    ]
  : w
  : j
  : [4D:. [MC:…]      ]
1 : [MC:[DEL]]

1 : [MC:[SHIFT]]
  : ,
  : ?
  : -
1 : [MC:[ENTER]]

1 : [4D:[MC:[ALL]][MC:[COPY]][MC:[UNDO]][MC:[CUT]][MC:[PASTE]]    ]
4 : [MC:[SPACE]]

